[0514/141852.542:ERROR:process_reader_win.cc(123)] NtOpenThread: {Access Denied} A process has requested access to an object, but has not been granted those access rights. (0xc0000022)
[0514/141852.549:ERROR:exception_snapshot_win.cc(98)] thread ID 19632 not found in process
[0514/141852.584:ERROR:process_reader_win.cc(123)] NtOpenThread: {Access Denied} A process has requested access to an object, but has not been granted those access rights. (0xc0000022)
[0514/141852.584:ERROR:exception_snapshot_win.cc(98)] thread ID 19920 not found in process
[0514/235530.670:ERROR:process_reader_win.cc(123)] NtOpenThread: {Access Denied} A process has requested access to an object, but has not been granted those access rights. (0xc0000022)
[0514/235530.672:ERROR:exception_snapshot_win.cc(98)] thread ID 19728 not found in process
[0514/235530.712:ERROR:process_reader_win.cc(123)] NtOpenThread: {Access Denied} A process has requested access to an object, but has not been granted those access rights. (0xc0000022)
[0514/235530.712:ERROR:exception_snapshot_win.cc(98)] thread ID 1780 not found in process
[0521/212510.098:ERROR:process_reader_win.cc(151)] SuspendThread: Access is denied. (0x5)
[0521/212510.105:ERROR:process_reader_win.cc(123)] NtOpenThread: {Access Denied} A process has requested access to an object, but has not been granted those access rights. (0xc0000022)
[0521/212510.107:ERROR:exception_snapshot_win.cc(98)] thread ID 20336 not found in process
[0521/212510.269:ERROR:process_reader_win.cc(151)] SuspendThread: Access is denied. (0x5)
[0521/212510.270:ERROR:process_reader_win.cc(151)] SuspendThread: Access is denied. (0x5)
[0521/212510.271:ERROR:process_reader_win.cc(151)] SuspendThread: Access is denied. (0x5)
[0521/212510.271:ERROR:process_reader_win.cc(151)] SuspendThread: Access is denied. (0x5)
[0521/212510.271:ERROR:process_reader_win.cc(151)] SuspendThread: Access is denied. (0x5)
[0521/212510.271:ERROR:process_reader_win.cc(151)] SuspendThread: Access is denied. (0x5)
[0521/212510.271:ERROR:process_reader_win.cc(151)] SuspendThread: Access is denied. (0x5)
[0521/212510.272:ERROR:process_reader_win.cc(151)] SuspendThread: Access is denied. (0x5)
[0521/212510.272:ERROR:process_reader_win.cc(151)] SuspendThread: Access is denied. (0x5)
[0521/212510.272:ERROR:process_reader_win.cc(151)] SuspendThread: Access is denied. (0x5)
[0521/212510.272:ERROR:process_reader_win.cc(151)] SuspendThread: Access is denied. (0x5)
[0521/212510.272:ERROR:process_reader_win.cc(123)] NtOpenThread: {Access Denied} A process has requested access to an object, but has not been granted those access rights. (0xc0000022)
[0521/212510.272:ERROR:exception_snapshot_win.cc(98)] thread ID 32932 not found in process
[0524/225907.109:ERROR:process_reader_win.cc(123)] NtOpenThread: {Access Denied} A process has requested access to an object, but has not been granted those access rights. (0xc0000022)
[0524/225907.117:ERROR:exception_snapshot_win.cc(98)] thread ID 22056 not found in process
[0524/225907.180:ERROR:process_reader_win.cc(151)] SuspendThread: Access is denied. (0x5)
[0524/225907.182:ERROR:process_reader_win.cc(151)] SuspendThread: Access is denied. (0x5)
[0524/225907.182:ERROR:process_reader_win.cc(151)] SuspendThread: Access is denied. (0x5)
[0524/225907.182:ERROR:process_reader_win.cc(123)] NtOpenThread: {Access Denied} A process has requested access to an object, but has not been granted those access rights. (0xc0000022)
[0524/225907.182:ERROR:exception_snapshot_win.cc(98)] thread ID 11800 not found in process
[0601/142832.629:ERROR:process_reader_win.cc(123)] NtOpenThread: {Access Denied} A process has requested access to an object, but has not been granted those access rights. (0xc0000022)
[0601/142832.634:ERROR:exception_snapshot_win.cc(98)] thread ID 25552 not found in process
[0601/142832.667:ERROR:process_reader_win.cc(123)] NtOpenThread: {Access Denied} A process has requested access to an object, but has not been granted those access rights. (0xc0000022)
[0601/142832.667:ERROR:exception_snapshot_win.cc(98)] thread ID 25120 not found in process
[0601/145648.212:ERROR:process_reader_win.cc(123)] NtOpenThread: {Access Denied} A process has requested access to an object, but has not been granted those access rights. (0xc0000022)
[0601/145648.218:ERROR:exception_snapshot_win.cc(98)] thread ID 26680 not found in process
[0601/145648.243:ERROR:process_reader_win.cc(123)] NtOpenThread: {Access Denied} A process has requested access to an object, but has not been granted those access rights. (0xc0000022)
[0601/145648.243:ERROR:exception_snapshot_win.cc(98)] thread ID 20504 not found in process
[0602/125845.366:ERROR:process_reader_win.cc(123)] NtOpenThread: {Access Denied} A process has requested access to an object, but has not been granted those access rights. (0xc0000022)
[0602/125845.376:ERROR:exception_snapshot_win.cc(98)] thread ID 22508 not found in process
[0602/130800.418:ERROR:process_reader_win.cc(123)] NtOpenThread: {Access Denied} A process has requested access to an object, but has not been granted those access rights. (0xc0000022)
[0602/130800.425:ERROR:exception_snapshot_win.cc(98)] thread ID 30036 not found in process
[0602/130800.421:ERROR:process_reader_win.cc(123)] NtOpenThread: {Access Denied} A process has requested access to an object, but has not been granted those access rights. (0xc0000022)
[0602/130800.426:ERROR:exception_snapshot_win.cc(98)] thread ID 18964 not found in process
[0602/130800.456:ERROR:process_reader_win.cc(123)] NtOpenThread: {Access Denied} A process has requested access to an object, but has not been granted those access rights. (0xc0000022)
[0602/130800.457:ERROR:exception_snapshot_win.cc(98)] thread ID 2600 not found in process
[0603/111203.609:ERROR:process_reader_win.cc(123)] NtOpenThread: {Access Denied} A process has requested access to an object, but has not been granted those access rights. (0xc0000022)
[0603/111203.614:ERROR:exception_snapshot_win.cc(98)] thread ID 29856 not found in process
[0603/111203.644:ERROR:process_reader_win.cc(123)] NtOpenThread: {Access Denied} A process has requested access to an object, but has not been granted those access rights. (0xc0000022)
[0603/111203.644:ERROR:exception_snapshot_win.cc(98)] thread ID 31112 not found in process
[0603/112631.079:ERROR:process_reader_win.cc(123)] NtOpenThread: {Access Denied} A process has requested access to an object, but has not been granted those access rights. (0xc0000022)
[0603/112631.079:ERROR:process_reader_win.cc(123)] NtOpenThread: {Access Denied} A process has requested access to an object, but has not been granted those access rights. (0xc0000022)
[0603/112631.083:ERROR:exception_snapshot_win.cc(98)] thread ID 23408 not found in process
[0603/112631.083:ERROR:exception_snapshot_win.cc(98)] thread ID 9212 not found in process
[0603/112631.093:ERROR:process_reader_win.cc(123)] NtOpenThread: {Access Denied} A process has requested access to an object, but has not been granted those access rights. (0xc0000022)
[0603/112631.093:ERROR:exception_snapshot_win.cc(98)] thread ID 6188 not found in process
[0604/132400.046:ERROR:process_reader_win.cc(123)] NtOpenThread: {Access Denied} A process has requested access to an object, but has not been granted those access rights. (0xc0000022)
[0604/132400.050:ERROR:exception_snapshot_win.cc(98)] thread ID 14392 not found in process
[0604/132400.071:ERROR:process_reader_win.cc(123)] NtOpenThread: {Access Denied} A process has requested access to an object, but has not been granted those access rights. (0xc0000022)
[0604/132400.071:ERROR:exception_snapshot_win.cc(98)] thread ID 21480 not found in process
[0612/124158.678:ERROR:process_reader_win.cc(123)] NtOpenThread: {Access Denied} A process has requested access to an object, but has not been granted those access rights. (0xc0000022)
[0612/124158.684:ERROR:exception_snapshot_win.cc(98)] thread ID 35232 not found in process
[0612/124158.720:ERROR:process_reader_win.cc(123)] NtOpenThread: {Access Denied} A process has requested access to an object, but has not been granted those access rights. (0xc0000022)
[0612/124158.720:ERROR:exception_snapshot_win.cc(98)] thread ID 31112 not found in process
[0618/194710.113:ERROR:process_reader_win.cc(123)] NtOpenThread: {Access Denied} A process has requested access to an object, but has not been granted those access rights. (0xc0000022)
[0618/194710.123:ERROR:exception_snapshot_win.cc(98)] thread ID 24736 not found in process
[0618/194710.156:ERROR:process_reader_win.cc(123)] NtOpenThread: {Access Denied} A process has requested access to an object, but has not been granted those access rights. (0xc0000022)
[0618/194710.157:ERROR:exception_snapshot_win.cc(98)] thread ID 27232 not found in process
[0623/201315.426:ERROR:process_reader_win.cc(123)] NtOpenThread: {Access Denied} A process has requested access to an object, but has not been granted those access rights. (0xc0000022)
[0623/201315.428:ERROR:exception_snapshot_win.cc(98)] thread ID 33704 not found in process
[0623/201315.508:ERROR:process_reader_win.cc(123)] NtOpenThread: {Access Denied} A process has requested access to an object, but has not been granted those access rights. (0xc0000022)
[0623/201315.508:ERROR:exception_snapshot_win.cc(98)] thread ID 40148 not found in process
[0623/201315.608:ERROR:process_reader_win.cc(123)] NtOpenThread: {Access Denied} A process has requested access to an object, but has not been granted those access rights. (0xc0000022)
[0623/201315.609:ERROR:exception_snapshot_win.cc(98)] thread ID 31572 not found in process
[0623/201315.665:ERROR:process_reader_win.cc(123)] NtOpenThread: {Access Denied} A process has requested access to an object, but has not been granted those access rights. (0xc0000022)
[0623/201315.665:ERROR:exception_snapshot_win.cc(98)] thread ID 42300 not found in process
[0708/112844.414:ERROR:process_reader_win.cc(123)] NtOpenThread: {Access Denied} A process has requested access to an object, but has not been granted those access rights. (0xc0000022)
[0708/112844.417:ERROR:exception_snapshot_win.cc(98)] thread ID 19932 not found in process
[0715/155654.641:ERROR:process_reader_win.cc(123)] NtOpenThread: {Access Denied} A process has requested access to an object, but has not been granted those access rights. (0xc0000022)
[0715/155654.643:ERROR:exception_snapshot_win.cc(98)] thread ID 4972 not found in process
[0715/155654.664:ERROR:process_reader_win.cc(123)] NtOpenThread: {Access Denied} A process has requested access to an object, but has not been granted those access rights. (0xc0000022)
[0715/155654.664:ERROR:exception_snapshot_win.cc(98)] thread ID 25804 not found in process
[0715/183013.580:ERROR:process_reader_win.cc(151)] SuspendThread: Access is denied. (0x5)
[0715/183013.580:ERROR:process_reader_win.cc(151)] SuspendThread: Access is denied. (0x5)
[0715/183013.581:ERROR:process_reader_win.cc(123)] NtOpenThread: {Access Denied} A process has requested access to an object, but has not been granted those access rights. (0xc0000022)
[0715/183013.582:ERROR:exception_snapshot_win.cc(98)] thread ID 39696 not found in process
[0715/183013.581:ERROR:process_reader_win.cc(123)] NtOpenThread: {Access Denied} A process has requested access to an object, but has not been granted those access rights. (0xc0000022)
[0715/183013.582:ERROR:exception_snapshot_win.cc(98)] thread ID 35528 not found in process
[0715/183013.580:ERROR:process_reader_win.cc(123)] NtOpenThread: {Access Denied} A process has requested access to an object, but has not been granted those access rights. (0xc0000022)
[0715/183013.583:ERROR:exception_snapshot_win.cc(98)] thread ID 38332 not found in process
[0715/183013.663:ERROR:process_reader_win.cc(123)] NtOpenThread: {Access Denied} A process has requested access to an object, but has not been granted those access rights. (0xc0000022)
[0715/183013.663:ERROR:process_reader_win.cc(123)] NtOpenThread: {Access Denied} A process has requested access to an object, but has not been granted those access rights. (0xc0000022)
[0715/183013.664:ERROR:exception_snapshot_win.cc(98)] thread ID 27152 not found in process
[0715/183013.664:ERROR:process_reader_win.cc(123)] NtOpenThread: {Access Denied} A process has requested access to an object, but has not been granted those access rights. (0xc0000022)
[0715/183013.664:ERROR:exception_snapshot_win.cc(98)] thread ID 23748 not found in process
[0715/183013.667:ERROR:exception_snapshot_win.cc(98)] thread ID 39852 not found in process
[0720/184045.906:ERROR:process_reader_win.cc(123)] NtOpenThread: {Access Denied} A process has requested access to an object, but has not been granted those access rights. (0xc0000022)
[0720/184045.914:ERROR:exception_snapshot_win.cc(98)] thread ID 41944 not found in process
[0720/184045.941:ERROR:process_reader_win.cc(123)] NtOpenThread: {Access Denied} A process has requested access to an object, but has not been granted those access rights. (0xc0000022)
[0720/184045.941:ERROR:exception_snapshot_win.cc(98)] thread ID 27160 not found in process
[0720/185702.223:ERROR:process_reader_win.cc(123)] NtOpenThread: {Access Denied} A process has requested access to an object, but has not been granted those access rights. (0xc0000022)
[0720/185702.230:ERROR:exception_snapshot_win.cc(98)] thread ID 24376 not found in process
[0720/185702.271:ERROR:process_reader_win.cc(123)] NtOpenThread: {Access Denied} A process has requested access to an object, but has not been granted those access rights. (0xc0000022)
[0720/185702.271:ERROR:exception_snapshot_win.cc(98)] thread ID 36968 not found in process
[0804/212139.294:ERROR:process_reader_win.cc(151)] SuspendThread: Access is denied. (0x5)
[0804/212139.301:ERROR:process_reader_win.cc(151)] SuspendThread: Access is denied. (0x5)
[0804/212139.301:ERROR:process_reader_win.cc(151)] SuspendThread: Access is denied. (0x5)
[0804/212139.302:ERROR:process_reader_win.cc(151)] SuspendThread: Access is denied. (0x5)
[0804/212139.303:ERROR:process_reader_win.cc(151)] SuspendThread: Access is denied. (0x5)
[0804/212139.304:ERROR:process_reader_win.cc(151)] SuspendThread: Access is denied. (0x5)
[0804/212139.304:ERROR:process_reader_win.cc(123)] NtOpenThread: {Access Denied} A process has requested access to an object, but has not been granted those access rights. (0xc0000022)
[0804/212139.306:ERROR:exception_snapshot_win.cc(98)] thread ID 37064 not found in process
[0806/144137.716:ERROR:process_reader_win.cc(151)] SuspendThread: Access is denied. (0x5)
[0806/144137.712:ERROR:process_reader_win.cc(151)] SuspendThread: Access is denied. (0x5)
[0806/144137.718:ERROR:process_reader_win.cc(123)] NtOpenThread: {Access Denied} A process has requested access to an object, but has not been granted those access rights. (0xc0000022)
[0806/144137.719:ERROR:exception_snapshot_win.cc(98)] thread ID 23200 not found in process
[0806/144137.719:ERROR:process_reader_win.cc(123)] NtOpenThread: {Access Denied} A process has requested access to an object, but has not been granted those access rights. (0xc0000022)
[0806/144137.720:ERROR:exception_snapshot_win.cc(98)] thread ID 11796 not found in process
[0806/144137.727:ERROR:process_reader_win.cc(151)] SuspendThread: Access is denied. (0x5)
[0806/144137.728:ERROR:process_reader_win.cc(151)] SuspendThread: Access is denied. (0x5)
[0806/144137.729:ERROR:process_reader_win.cc(151)] SuspendThread: Access is denied. (0x5)
[0806/144137.729:ERROR:process_reader_win.cc(123)] NtOpenThread: {Access Denied} A process has requested access to an object, but has not been granted those access rights. (0xc0000022)
[0806/144137.729:ERROR:exception_snapshot_win.cc(98)] thread ID 27304 not found in process
[0806/144137.729:ERROR:process_reader_win.cc(151)] SuspendThread: Access is denied. (0x5)
[0806/144137.731:ERROR:process_reader_win.cc(151)] SuspendThread: Access is denied. (0x5)
[0806/144137.731:ERROR:process_reader_win.cc(123)] NtOpenThread: {Access Denied} A process has requested access to an object, but has not been granted those access rights. (0xc0000022)
[0806/144137.732:ERROR:exception_snapshot_win.cc(98)] thread ID 21204 not found in process
[0806/144137.744:ERROR:process_reader_win.cc(123)] NtOpenThread: {Access Denied} A process has requested access to an object, but has not been granted those access rights. (0xc0000022)
[0806/144137.744:ERROR:exception_snapshot_win.cc(98)] thread ID 22556 not found in process
[0806/144137.740:ERROR:process_reader_win.cc(123)] NtOpenThread: {Access Denied} A process has requested access to an object, but has not been granted those access rights. (0xc0000022)
[0806/144137.759:ERROR:exception_snapshot_win.cc(98)] thread ID 25680 not found in process
[0806/144137.779:ERROR:process_reader_win.cc(151)] SuspendThread: Access is denied. (0x5)
[0806/144137.780:ERROR:process_reader_win.cc(151)] SuspendThread: Access is denied. (0x5)
[0806/144137.781:ERROR:process_reader_win.cc(151)] SuspendThread: Access is denied. (0x5)
[0806/144137.781:ERROR:process_reader_win.cc(123)] NtOpenThread: {Access Denied} A process has requested access to an object, but has not been granted those access rights. (0xc0000022)
[0806/144137.781:ERROR:exception_snapshot_win.cc(98)] thread ID 29404 not found in process
[0806/144137.815:ERROR:process_reader_win.cc(151)] SuspendThread: Access is denied. (0x5)
[0806/144137.816:ERROR:process_reader_win.cc(123)] NtOpenThread: {Access Denied} A process has requested access to an object, but has not been granted those access rights. (0xc0000022)
[0806/144137.817:ERROR:exception_snapshot_win.cc(98)] thread ID 30184 not found in process
[0821/004827.878:ERROR:process_reader_win.cc(123)] NtOpenThread: {Access Denied} A process has requested access to an object, but has not been granted those access rights. (0xc0000022)
[0821/004827.879:ERROR:exception_snapshot_win.cc(98)] thread ID 14112 not found in process
[0821/004827.917:ERROR:process_reader_win.cc(123)] NtOpenThread: {Access Denied} A process has requested access to an object, but has not been granted those access rights. (0xc0000022)
[0821/004827.917:ERROR:exception_snapshot_win.cc(98)] thread ID 15856 not found in process
[0907/143026.831:ERROR:process_reader_win.cc(123)] NtOpenThread: {Access Denied} A process has requested access to an object, but has not been granted those access rights. (0xc0000022)
[0907/143026.831:ERROR:process_reader_win.cc(123)] NtOpenThread: {Access Denied} A process has requested access to an object, but has not been granted those access rights. (0xc0000022)
[0907/143026.838:ERROR:exception_snapshot_win.cc(99)] thread ID 25888 not found in process
[0907/143026.838:ERROR:exception_snapshot_win.cc(99)] thread ID 27304 not found in process
[0907/143026.878:ERROR:process_reader_win.cc(123)] NtOpenThread: {Access Denied} A process has requested access to an object, but has not been granted those access rights. (0xc0000022)
[0907/143026.878:ERROR:process_reader_win.cc(123)] NtOpenThread: {Access Denied} A process has requested access to an object, but has not been granted those access rights. (0xc0000022)
[0907/143026.878:ERROR:exception_snapshot_win.cc(99)] thread ID 31288 not found in process
[0907/143026.878:ERROR:exception_snapshot_win.cc(99)] thread ID 32744 not found in process
[0916/002328.723:ERROR:process_reader_win.cc(123)] NtOpenThread: {Access Denied} A process has requested access to an object, but has not been granted those access rights. (0xc0000022)
[0916/002328.763:ERROR:exception_snapshot_win.cc(99)] thread ID 46176 not found in process
[0916/002328.773:ERROR:process_reader_win.cc(123)] NtOpenThread: {Access Denied} A process has requested access to an object, but has not been granted those access rights. (0xc0000022)
[0916/002328.786:ERROR:exception_snapshot_win.cc(99)] thread ID 20920 not found in process
[0916/002328.818:ERROR:process_reader_win.cc(123)] NtOpenThread: {Access Denied} A process has requested access to an object, but has not been granted those access rights. (0xc0000022)
[0916/002328.822:ERROR:exception_snapshot_win.cc(99)] thread ID 41044 not found in process
[0916/002328.835:ERROR:process_reader_win.cc(151)] SuspendThread: Access is denied. (0x5)
[0916/002328.839:ERROR:process_reader_win.cc(151)] SuspendThread: Access is denied. (0x5)
[0916/002328.840:ERROR:process_reader_win.cc(151)] SuspendThread: Access is denied. (0x5)
[0916/002328.841:ERROR:process_reader_win.cc(151)] SuspendThread: Access is denied. (0x5)
[0916/002328.841:ERROR:process_reader_win.cc(123)] NtOpenThread: {Access Denied} A process has requested access to an object, but has not been granted those access rights. (0xc0000022)
[0916/002328.841:ERROR:exception_snapshot_win.cc(99)] thread ID 8348 not found in process
[0916/002328.849:ERROR:process_reader_win.cc(151)] SuspendThread: Access is denied. (0x5)
[0916/002328.850:ERROR:process_reader_win.cc(151)] SuspendThread: Access is denied. (0x5)
[0916/002328.867:ERROR:process_reader_win.cc(151)] SuspendThread: Access is denied. (0x5)
[0916/002328.867:ERROR:process_reader_win.cc(123)] NtOpenThread: {Access Denied} A process has requested access to an object, but has not been granted those access rights. (0xc0000022)
[0916/002328.867:ERROR:exception_snapshot_win.cc(99)] thread ID 27140 not found in process
[0916/002328.875:ERROR:process_reader_win.cc(151)] SuspendThread: Access is denied. (0x5)
[0916/002328.876:ERROR:process_reader_win.cc(123)] NtOpenThread: {Access Denied} A process has requested access to an object, but has not been granted those access rights. (0xc0000022)
[0916/002328.876:ERROR:exception_snapshot_win.cc(99)] thread ID 41080 not found in process
[0916/012118.982:ERROR:process_reader_win.cc(123)] NtOpenThread: {Access Denied} A process has requested access to an object, but has not been granted those access rights. (0xc0000022)
[0916/012118.991:ERROR:exception_snapshot_win.cc(99)] thread ID 51256 not found in process
[0916/012119.040:ERROR:process_reader_win.cc(123)] NtOpenThread: {Access Denied} A process has requested access to an object, but has not been granted those access rights. (0xc0000022)
[0916/012119.040:ERROR:exception_snapshot_win.cc(99)] thread ID 35844 not found in process
[0916/012218.722:ERROR:process_reader_win.cc(123)] NtOpenThread: {Access Denied} A process has requested access to an object, but has not been granted those access rights. (0xc0000022)
[0916/012218.730:ERROR:exception_snapshot_win.cc(99)] thread ID 32468 not found in process
[0916/012218.774:ERROR:process_reader_win.cc(123)] NtOpenThread: {Access Denied} A process has requested access to an object, but has not been granted those access rights. (0xc0000022)
[0916/012218.774:ERROR:exception_snapshot_win.cc(99)] thread ID 49904 not found in process
[0916/012218.777:ERROR:process_reader_win.cc(123)] NtOpenThread: {Access Denied} A process has requested access to an object, but has not been granted those access rights. (0xc0000022)
[0916/012218.777:ERROR:exception_snapshot_win.cc(99)] thread ID 47704 not found in process
[0916/013429.364:ERROR:process_reader_win.cc(123)] NtOpenThread: {Access Denied} A process has requested access to an object, but has not been granted those access rights. (0xc0000022)
[0916/013429.420:ERROR:exception_snapshot_win.cc(99)] thread ID 44872 not found in process
[0916/013429.420:ERROR:process_reader_win.cc(123)] NtOpenThread: {Access Denied} A process has requested access to an object, but has not been granted those access rights. (0xc0000022)
[0916/013429.435:ERROR:exception_snapshot_win.cc(99)] thread ID 47292 not found in process
[0916/013429.439:ERROR:process_reader_win.cc(123)] NtOpenThread: {Access Denied} A process has requested access to an object, but has not been granted those access rights. (0xc0000022)
[0916/013429.439:ERROR:exception_snapshot_win.cc(99)] thread ID 9444 not found in process
[0916/013429.459:ERROR:process_reader_win.cc(123)] NtOpenThread: {Access Denied} A process has requested access to an object, but has not been granted those access rights. (0xc0000022)
[0916/013429.459:ERROR:exception_snapshot_win.cc(99)] thread ID 48672 not found in process
[0916/013821.409:ERROR:process_reader_win.cc(123)] NtOpenThread: {Access Denied} A process has requested access to an object, but has not been granted those access rights. (0xc0000022)
[0916/013821.421:ERROR:exception_snapshot_win.cc(99)] thread ID 37368 not found in process
[0916/013821.473:ERROR:process_reader_win.cc(123)] NtOpenThread: {Access Denied} A process has requested access to an object, but has not been granted those access rights. (0xc0000022)
[0916/013821.473:ERROR:exception_snapshot_win.cc(99)] thread ID 39004 not found in process
[0916/014242.963:ERROR:process_reader_win.cc(123)] NtOpenThread: {Access Denied} A process has requested access to an object, but has not been granted those access rights. (0xc0000022)
[0916/014242.979:ERROR:exception_snapshot_win.cc(99)] thread ID 25316 not found in process
[0916/014243.013:ERROR:process_reader_win.cc(123)] NtOpenThread: {Access Denied} A process has requested access to an object, but has not been granted those access rights. (0xc0000022)
[0916/014243.013:ERROR:exception_snapshot_win.cc(99)] thread ID 47660 not found in process
[0916/020210.280:ERROR:process_reader_win.cc(123)] NtOpenThread: {Access Denied} A process has requested access to an object, but has not been granted those access rights. (0xc0000022)
[0916/020210.288:ERROR:exception_snapshot_win.cc(99)] thread ID 33584 not found in process
[0916/020210.340:ERROR:process_reader_win.cc(123)] NtOpenThread: {Access Denied} A process has requested access to an object, but has not been granted those access rights. (0xc0000022)
[0916/020210.340:ERROR:exception_snapshot_win.cc(99)] thread ID 15492 not found in process
[0916/020324.576:ERROR:process_reader_win.cc(123)] NtOpenThread: {Access Denied} A process has requested access to an object, but has not been granted those access rights. (0xc0000022)
[0916/020324.582:ERROR:exception_snapshot_win.cc(99)] thread ID 25044 not found in process
[0916/020324.610:ERROR:process_reader_win.cc(123)] NtOpenThread: {Access Denied} A process has requested access to an object, but has not been granted those access rights. (0xc0000022)
[0916/020324.611:ERROR:exception_snapshot_win.cc(99)] thread ID 42064 not found in process
[0916/021558.516:ERROR:process_reader_win.cc(123)] NtOpenThread: {Access Denied} A process has requested access to an object, but has not been granted those access rights. (0xc0000022)
[0916/021558.523:ERROR:exception_snapshot_win.cc(99)] thread ID 46696 not found in process
[0916/021558.560:ERROR:process_reader_win.cc(123)] NtOpenThread: {Access Denied} A process has requested access to an object, but has not been granted those access rights. (0xc0000022)
[0916/021558.560:ERROR:exception_snapshot_win.cc(99)] thread ID 42192 not found in process
[0916/021811.422:ERROR:process_reader_win.cc(123)] NtOpenThread: {Access Denied} A process has requested access to an object, but has not been granted those access rights. (0xc0000022)
[0916/021811.433:ERROR:exception_snapshot_win.cc(99)] thread ID 22784 not found in process
[0916/021811.476:ERROR:process_reader_win.cc(123)] NtOpenThread: {Access Denied} A process has requested access to an object, but has not been granted those access rights. (0xc0000022)
[0916/021811.476:ERROR:exception_snapshot_win.cc(99)] thread ID 42236 not found in process
[1005/235228.283:ERROR:process_reader_win.cc(123)] NtOpenThread: {Access Denied} A process has requested access to an object, but has not been granted those access rights. (0xc0000022)
[1005/235228.289:ERROR:exception_snapshot_win.cc(99)] thread ID 24368 not found in process
[1005/235228.306:ERROR:process_reader_win.cc(123)] NtOpenThread: {Access Denied} A process has requested access to an object, but has not been granted those access rights. (0xc0000022)
[1005/235228.306:ERROR:exception_snapshot_win.cc(99)] thread ID 6732 not found in process
[1006/005657.285:ERROR:process_reader_win.cc(123)] NtOpenThread: {Access Denied} A process has requested access to an object, but has not been granted those access rights. (0xc0000022)
[1006/005657.285:ERROR:process_reader_win.cc(123)] NtOpenThread: {Access Denied} A process has requested access to an object, but has not been granted those access rights. (0xc0000022)
[1006/005657.289:ERROR:exception_snapshot_win.cc(99)] thread ID 6920 not found in process
[1006/005657.289:ERROR:exception_snapshot_win.cc(99)] thread ID 15068 not found in process
[1006/005657.314:ERROR:process_reader_win.cc(123)] NtOpenThread: {Access Denied} A process has requested access to an object, but has not been granted those access rights. (0xc0000022)
[1006/005657.315:ERROR:exception_snapshot_win.cc(99)] thread ID 23392 not found in process
[1006/005657.315:ERROR:process_reader_win.cc(123)] NtOpenThread: {Access Denied} A process has requested access to an object, but has not been granted those access rights. (0xc0000022)
[1006/005657.315:ERROR:exception_snapshot_win.cc(99)] thread ID 144 not found in process
[1006/011353.261:ERROR:process_reader_win.cc(123)] NtOpenThread: {Access Denied} A process has requested access to an object, but has not been granted those access rights. (0xc0000022)
[1006/011353.258:ERROR:process_reader_win.cc(123)] NtOpenThread: {Access Denied} A process has requested access to an object, but has not been granted those access rights. (0xc0000022)
[1006/011353.258:ERROR:process_reader_win.cc(123)] NtOpenThread: {Access Denied} A process has requested access to an object, but has not been granted those access rights. (0xc0000022)
[1006/011353.270:ERROR:exception_snapshot_win.cc(99)] thread ID 22732 not found in process
[1006/011353.270:ERROR:exception_snapshot_win.cc(99)] thread ID 19968 not found in process
[1006/011353.271:ERROR:exception_snapshot_win.cc(99)] thread ID 18020 not found in process
[1006/011353.274:ERROR:process_reader_win.cc(123)] NtOpenThread: {Access Denied} A process has requested access to an object, but has not been granted those access rights. (0xc0000022)
[1006/011353.305:ERROR:exception_snapshot_win.cc(99)] thread ID 4788 not found in process
[1006/011353.323:ERROR:process_reader_win.cc(123)] NtOpenThread: {Access Denied} A process has requested access to an object, but has not been granted those access rights. (0xc0000022)
[1006/011353.323:ERROR:exception_snapshot_win.cc(99)] thread ID 23392 not found in process
[1006/011353.324:ERROR:process_reader_win.cc(123)] NtOpenThread: {Access Denied} A process has requested access to an object, but has not been granted those access rights. (0xc0000022)
[1006/011353.324:ERROR:exception_snapshot_win.cc(99)] thread ID 17072 not found in process
[1006/011353.327:ERROR:process_reader_win.cc(123)] NtOpenThread: {Access Denied} A process has requested access to an object, but has not been granted those access rights. (0xc0000022)
[1006/011353.328:ERROR:exception_snapshot_win.cc(99)] thread ID 7880 not found in process
[1006/011353.328:ERROR:process_reader_win.cc(123)] NtOpenThread: {Access Denied} A process has requested access to an object, but has not been granted those access rights. (0xc0000022)
[1006/011353.328:ERROR:exception_snapshot_win.cc(99)] thread ID 18988 not found in process
[1006/030129.187:ERROR:process_reader_win.cc(123)] NtOpenThread: {Access Denied} A process has requested access to an object, but has not been granted those access rights. (0xc0000022)
[1006/030129.201:ERROR:exception_snapshot_win.cc(99)] thread ID 29620 not found in process
[1006/030129.233:ERROR:process_reader_win.cc(123)] NtOpenThread: {Access Denied} A process has requested access to an object, but has not been granted those access rights. (0xc0000022)
[1006/030129.233:ERROR:exception_snapshot_win.cc(99)] thread ID 8540 not found in process
[1013/113440.484:ERROR:process_reader_win.cc(123)] NtOpenThread: {Access Denied} A process has requested access to an object, but has not been granted those access rights. (0xc0000022)
[1013/113440.484:ERROR:process_reader_win.cc(123)] NtOpenThread: {Access Denied} A process has requested access to an object, but has not been granted those access rights. (0xc0000022)
[1013/113440.489:ERROR:exception_snapshot_win.cc(99)] thread ID 20424 not found in process
[1013/113440.489:ERROR:exception_snapshot_win.cc(99)] thread ID 22756 not found in process
[1013/113440.516:ERROR:process_reader_win.cc(123)] NtOpenThread: {Access Denied} A process has requested access to an object, but has not been granted those access rights. (0xc0000022)
[1013/113440.517:ERROR:exception_snapshot_win.cc(99)] thread ID 28740 not found in process
[1015/151156.423:ERROR:process_reader_win.cc(123)] NtOpenThread: {Access Denied} A process has requested access to an object, but has not been granted those access rights. (0xc0000022)
[1015/151156.428:ERROR:exception_snapshot_win.cc(99)] thread ID 37660 not found in process
[1015/151156.443:ERROR:process_reader_win.cc(123)] NtOpenThread: {Access Denied} A process has requested access to an object, but has not been granted those access rights. (0xc0000022)
[1015/151156.444:ERROR:exception_snapshot_win.cc(99)] thread ID 13572 not found in process
[1015/151332.159:ERROR:process_reader_win.cc(123)] NtOpenThread: {Access Denied} A process has requested access to an object, but has not been granted those access rights. (0xc0000022)
[1015/151332.165:ERROR:exception_snapshot_win.cc(99)] thread ID 2612 not found in process
[1015/151332.223:ERROR:process_reader_win.cc(123)] NtOpenThread: {Access Denied} A process has requested access to an object, but has not been granted those access rights. (0xc0000022)
[1015/151332.224:ERROR:exception_snapshot_win.cc(99)] thread ID 26724 not found in process
[1020/152426.033:ERROR:process_reader_win.cc(123)] NtOpenThread: {Access Denied} A process has requested access to an object, but has not been granted those access rights. (0xc0000022)
[1020/152426.034:ERROR:process_reader_win.cc(123)] NtOpenThread: {Access Denied} A process has requested access to an object, but has not been granted those access rights. (0xc0000022)
[1020/152426.039:ERROR:exception_snapshot_win.cc(99)] thread ID 44520 not found in process
[1020/152426.039:ERROR:exception_snapshot_win.cc(99)] thread ID 25400 not found in process
[1020/152426.049:ERROR:process_reader_win.cc(123)] NtOpenThread: {Access Denied} A process has requested access to an object, but has not been granted those access rights. (0xc0000022)
[1020/152426.051:ERROR:exception_snapshot_win.cc(99)] thread ID 13844 not found in process
[1020/152426.117:ERROR:process_reader_win.cc(123)] NtOpenThread: {Access Denied} A process has requested access to an object, but has not been granted those access rights. (0xc0000022)
[1020/152426.117:ERROR:process_reader_win.cc(123)] NtOpenThread: {Access Denied} A process has requested access to an object, but has not been granted those access rights. (0xc0000022)
[1020/152426.117:ERROR:exception_snapshot_win.cc(99)] thread ID 4140 not found in process
[1020/152426.117:ERROR:exception_snapshot_win.cc(99)] thread ID 44100 not found in process
[1020/152426.123:ERROR:process_reader_win.cc(123)] NtOpenThread: {Access Denied} A process has requested access to an object, but has not been granted those access rights. (0xc0000022)
[1020/152426.123:ERROR:exception_snapshot_win.cc(99)] thread ID 43108 not found in process
[1102/104718.843:ERROR:directory_reader_win.cc(43)] FindFirstFile: The system cannot find the path specified. (0x3)
[1102/132641.456:ERROR:directory_reader_win.cc(43)] FindFirstFile: The system cannot find the path specified. (0x3)
[1102/135924.475:ERROR:directory_reader_win.cc(43)] FindFirstFile: The system cannot find the path specified. (0x3)
[1104/000803.962:ERROR:directory_reader_win.cc(43)] FindFirstFile: The system cannot find the path specified. (0x3)
[1104/005226.474:ERROR:directory_reader_win.cc(43)] FindFirstFile: The system cannot find the path specified. (0x3)
[1104/011445.621:ERROR:directory_reader_win.cc(43)] FindFirstFile: The system cannot find the path specified. (0x3)
[1104/014450.435:ERROR:directory_reader_win.cc(43)] FindFirstFile: The system cannot find the path specified. (0x3)
[1104/014517.311:ERROR:directory_reader_win.cc(43)] FindFirstFile: The system cannot find the path specified. (0x3)
[1104/014617.977:ERROR:directory_reader_win.cc(43)] FindFirstFile: The system cannot find the path specified. (0x3)
[1104/014655.977:ERROR:directory_reader_win.cc(43)] FindFirstFile: The system cannot find the path specified. (0x3)
[1104/062208.041:ERROR:directory_reader_win.cc(43)] FindFirstFile: The system cannot find the path specified. (0x3)
[1104/062433.216:ERROR:directory_reader_win.cc(43)] FindFirstFile: The system cannot find the path specified. (0x3)
[1104/062819.833:ERROR:directory_reader_win.cc(43)] FindFirstFile: The system cannot find the path specified. (0x3)
[1104/062907.498:ERROR:directory_reader_win.cc(43)] FindFirstFile: The system cannot find the path specified. (0x3)
[1104/154140.879:ERROR:directory_reader_win.cc(43)] FindFirstFile: The system cannot find the path specified. (0x3)
[1104/154249.168:ERROR:directory_reader_win.cc(43)] FindFirstFile: The system cannot find the path specified. (0x3)
[1104/224548.576:ERROR:directory_reader_win.cc(43)] FindFirstFile: The system cannot find the path specified. (0x3)
[1104/231013.079:ERROR:directory_reader_win.cc(43)] FindFirstFile: The system cannot find the path specified. (0x3)
[1104/231055.068:ERROR:directory_reader_win.cc(43)] FindFirstFile: The system cannot find the path specified. (0x3)
[1105/113320.284:ERROR:directory_reader_win.cc(43)] FindFirstFile: The system cannot find the path specified. (0x3)
[1105/114427.561:ERROR:directory_reader_win.cc(43)] FindFirstFile: The system cannot find the path specified. (0x3)
[1105/115532.999:ERROR:directory_reader_win.cc(43)] FindFirstFile: The system cannot find the path specified. (0x3)
[1105/122211.569:ERROR:directory_reader_win.cc(43)] FindFirstFile: The system cannot find the path specified. (0x3)
[1105/122246.573:ERROR:directory_reader_win.cc(43)] FindFirstFile: The system cannot find the path specified. (0x3)
[1105/122414.156:ERROR:directory_reader_win.cc(43)] FindFirstFile: The system cannot find the path specified. (0x3)
[1105/122716.486:ERROR:directory_reader_win.cc(43)] FindFirstFile: The system cannot find the path specified. (0x3)
[1105/124440.963:ERROR:directory_reader_win.cc(43)] FindFirstFile: The system cannot find the path specified. (0x3)
[1105/124808.854:ERROR:directory_reader_win.cc(43)] FindFirstFile: The system cannot find the path specified. (0x3)
[1105/131850.590:ERROR:directory_reader_win.cc(43)] FindFirstFile: The system cannot find the path specified. (0x3)
[1105/133255.254:ERROR:directory_reader_win.cc(43)] FindFirstFile: The system cannot find the path specified. (0x3)
[1105/133411.754:ERROR:directory_reader_win.cc(43)] FindFirstFile: The system cannot find the path specified. (0x3)
[1105/133558.980:ERROR:directory_reader_win.cc(43)] FindFirstFile: The system cannot find the path specified. (0x3)
[1105/141233.446:ERROR:directory_reader_win.cc(43)] FindFirstFile: The system cannot find the path specified. (0x3)
[1105/143433.913:ERROR:directory_reader_win.cc(43)] FindFirstFile: The system cannot find the path specified. (0x3)
[1105/143709.417:ERROR:directory_reader_win.cc(43)] FindFirstFile: The system cannot find the path specified. (0x3)
[1105/145719.378:ERROR:directory_reader_win.cc(43)] FindFirstFile: The system cannot find the path specified. (0x3)
[1105/150034.847:ERROR:directory_reader_win.cc(43)] FindFirstFile: The system cannot find the path specified. (0x3)
[1105/150315.286:ERROR:directory_reader_win.cc(43)] FindFirstFile: The system cannot find the path specified. (0x3)
[1105/150546.742:ERROR:directory_reader_win.cc(43)] FindFirstFile: The system cannot find the path specified. (0x3)
[1105/150615.698:ERROR:directory_reader_win.cc(43)] FindFirstFile: The system cannot find the path specified. (0x3)
[1105/150704.637:ERROR:directory_reader_win.cc(43)] FindFirstFile: The system cannot find the path specified. (0x3)
[1105/150756.904:ERROR:directory_reader_win.cc(43)] FindFirstFile: The system cannot find the path specified. (0x3)
[1105/150904.516:ERROR:directory_reader_win.cc(43)] FindFirstFile: The system cannot find the path specified. (0x3)
[1105/151013.217:ERROR:directory_reader_win.cc(43)] FindFirstFile: The system cannot find the path specified. (0x3)
[1105/151104.515:ERROR:directory_reader_win.cc(43)] FindFirstFile: The system cannot find the path specified. (0x3)
[1105/151223.005:ERROR:directory_reader_win.cc(43)] FindFirstFile: The system cannot find the path specified. (0x3)
[1105/151339.140:ERROR:directory_reader_win.cc(43)] FindFirstFile: The system cannot find the path specified. (0x3)
[1105/151356.957:ERROR:directory_reader_win.cc(43)] FindFirstFile: The system cannot find the path specified. (0x3)
[1105/151459.792:ERROR:directory_reader_win.cc(43)] FindFirstFile: The system cannot find the path specified. (0x3)
[1105/224306.749:ERROR:directory_reader_win.cc(43)] FindFirstFile: The system cannot find the path specified. (0x3)
[1105/224559.744:ERROR:directory_reader_win.cc(43)] FindFirstFile: The system cannot find the path specified. (0x3)
[1105/225106.281:ERROR:directory_reader_win.cc(43)] FindFirstFile: The system cannot find the path specified. (0x3)
[1105/225416.108:ERROR:directory_reader_win.cc(43)] FindFirstFile: The system cannot find the path specified. (0x3)
[1105/231751.018:ERROR:directory_reader_win.cc(43)] FindFirstFile: The system cannot find the path specified. (0x3)
[1105/233604.064:ERROR:process_reader_win.cc(151)] SuspendThread: Access is denied. (0x5)
[1105/233604.065:ERROR:process_reader_win.cc(151)] SuspendThread: Access is denied. (0x5)
[1105/233604.047:ERROR:process_reader_win.cc(151)] SuspendThread: Access is denied. (0x5)
[1105/233604.065:ERROR:process_reader_win.cc(123)] NtOpenThread: {Access Denied} A process has requested access to an object, but has not been granted those access rights. (0xc0000022)
[1105/233604.066:ERROR:exception_snapshot_win.cc(99)] thread ID 30820 not found in process
[1105/233604.066:ERROR:process_reader_win.cc(123)] NtOpenThread: {Access Denied} A process has requested access to an object, but has not been granted those access rights. (0xc0000022)
[1105/233604.067:ERROR:exception_snapshot_win.cc(99)] thread ID 27044 not found in process
[1105/233604.064:ERROR:process_reader_win.cc(151)] SuspendThread: Access is denied. (0x5)
[1105/233604.064:ERROR:process_reader_win.cc(151)] SuspendThread: Access is denied. (0x5)
[1105/233604.065:ERROR:process_reader_win.cc(123)] NtOpenThread: {Access Denied} A process has requested access to an object, but has not been granted those access rights. (0xc0000022)
[1105/233604.071:ERROR:exception_snapshot_win.cc(99)] thread ID 15116 not found in process
[1105/233604.070:ERROR:process_reader_win.cc(123)] NtOpenThread: {Access Denied} A process has requested access to an object, but has not been granted those access rights. (0xc0000022)
[1105/233604.071:ERROR:exception_snapshot_win.cc(99)] thread ID 31000 not found in process
[1105/233604.070:ERROR:process_reader_win.cc(123)] NtOpenThread: {Access Denied} A process has requested access to an object, but has not been granted those access rights. (0xc0000022)
[1105/233604.071:ERROR:exception_snapshot_win.cc(99)] thread ID 29360 not found in process
[1105/233604.080:ERROR:process_reader_win.cc(123)] NtOpenThread: {Access Denied} A process has requested access to an object, but has not been granted those access rights. (0xc0000022)
[1105/233604.085:ERROR:exception_snapshot_win.cc(99)] thread ID 32260 not found in process
[1105/233604.137:ERROR:process_reader_win.cc(151)] SuspendThread: Access is denied. (0x5)
[1105/233604.137:ERROR:process_reader_win.cc(123)] NtOpenThread: {Access Denied} A process has requested access to an object, but has not been granted those access rights. (0xc0000022)
[1105/233604.137:ERROR:exception_snapshot_win.cc(99)] thread ID 29308 not found in process
[1105/233604.138:ERROR:process_reader_win.cc(151)] SuspendThread: Access is denied. (0x5)
[1105/233604.138:ERROR:process_reader_win.cc(123)] NtOpenThread: {Access Denied} A process has requested access to an object, but has not been granted those access rights. (0xc0000022)
[1105/233604.138:ERROR:exception_snapshot_win.cc(99)] thread ID 13948 not found in process
[1105/233604.157:ERROR:process_reader_win.cc(151)] SuspendThread: Access is denied. (0x5)
[1105/233604.158:ERROR:process_reader_win.cc(123)] NtOpenThread: {Access Denied} A process has requested access to an object, but has not been granted those access rights. (0xc0000022)
[1105/233604.158:ERROR:exception_snapshot_win.cc(99)] thread ID 3644 not found in process
[1105/233604.161:ERROR:process_reader_win.cc(123)] NtOpenThread: {Access Denied} A process has requested access to an object, but has not been granted those access rights. (0xc0000022)
[1105/233604.161:ERROR:exception_snapshot_win.cc(99)] thread ID 19868 not found in process
[1105/233604.234:ERROR:process_reader_win.cc(123)] NtOpenThread: {Access Denied} A process has requested access to an object, but has not been granted those access rights. (0xc0000022)
[1105/233604.234:ERROR:exception_snapshot_win.cc(99)] thread ID 32660 not found in process
[1105/233604.301:ERROR:process_reader_win.cc(123)] NtOpenThread: {Access Denied} A process has requested access to an object, but has not been granted those access rights. (0xc0000022)
[1105/233604.301:ERROR:exception_snapshot_win.cc(99)] thread ID 21792 not found in process
[1105/235449.966:ERROR:directory_reader_win.cc(43)] FindFirstFile: The system cannot find the path specified. (0x3)
[1105/235551.261:ERROR:directory_reader_win.cc(43)] FindFirstFile: The system cannot find the path specified. (0x3)
[1105/235802.189:ERROR:directory_reader_win.cc(43)] FindFirstFile: The system cannot find the path specified. (0x3)
[1108/234347.182:ERROR:directory_reader_win.cc(43)] FindFirstFile: The system cannot find the path specified. (0x3)
[1109/011536.980:ERROR:directory_reader_win.cc(43)] FindFirstFile: The system cannot find the path specified. (0x3)
[1110/235902.122:ERROR:directory_reader_win.cc(43)] FindFirstFile: The system cannot find the path specified. (0x3)
[1111/002859.594:ERROR:directory_reader_win.cc(43)] FindFirstFile: The system cannot find the path specified. (0x3)
[1111/003917.922:ERROR:directory_reader_win.cc(43)] FindFirstFile: The system cannot find the path specified. (0x3)
[1111/013031.154:ERROR:directory_reader_win.cc(43)] FindFirstFile: The system cannot find the path specified. (0x3)
[1111/013131.174:ERROR:directory_reader_win.cc(43)] FindFirstFile: The system cannot find the path specified. (0x3)
[1111/013213.187:ERROR:directory_reader_win.cc(43)] FindFirstFile: The system cannot find the path specified. (0x3)
[1111/013254.447:ERROR:directory_reader_win.cc(43)] FindFirstFile: The system cannot find the path specified. (0x3)
[1112/132742.135:ERROR:directory_reader_win.cc(43)] FindFirstFile: The system cannot find the path specified. (0x3)
[1112/140155.729:ERROR:directory_reader_win.cc(43)] FindFirstFile: The system cannot find the path specified. (0x3)
[1112/141043.516:ERROR:directory_reader_win.cc(43)] FindFirstFile: The system cannot find the path specified. (0x3)
[1112/141739.075:ERROR:process_reader_win.cc(123)] NtOpenThread: {Access Denied} A process has requested access to an object, but has not been granted those access rights. (0xc0000022)
[1112/141739.076:ERROR:exception_snapshot_win.cc(99)] thread ID 29744 not found in process
[1112/141739.078:ERROR:process_reader_win.cc(123)] NtOpenThread: {Access Denied} A process has requested access to an object, but has not been granted those access rights. (0xc0000022)
[1112/141739.079:ERROR:exception_snapshot_win.cc(99)] thread ID 3324 not found in process
[1112/141739.077:ERROR:process_reader_win.cc(123)] NtOpenThread: {Access Denied} A process has requested access to an object, but has not been granted those access rights. (0xc0000022)
[1112/141739.084:ERROR:exception_snapshot_win.cc(99)] thread ID 26968 not found in process
[1112/141739.129:ERROR:process_reader_win.cc(123)] NtOpenThread: {Access Denied} A process has requested access to an object, but has not been granted those access rights. (0xc0000022)
[1112/141739.129:ERROR:exception_snapshot_win.cc(99)] thread ID 25800 not found in process
[1112/141739.132:ERROR:process_reader_win.cc(123)] NtOpenThread: {Access Denied} A process has requested access to an object, but has not been granted those access rights. (0xc0000022)
[1112/141739.132:ERROR:exception_snapshot_win.cc(99)] thread ID 8680 not found in process
[1112/141739.192:ERROR:process_reader_win.cc(123)] NtOpenThread: {Access Denied} A process has requested access to an object, but has not been granted those access rights. (0xc0000022)
[1112/141739.192:ERROR:exception_snapshot_win.cc(99)] thread ID 21780 not found in process
[1112/144121.492:ERROR:directory_reader_win.cc(43)] FindFirstFile: The system cannot find the path specified. (0x3)
[1112/145428.618:ERROR:directory_reader_win.cc(43)] FindFirstFile: The system cannot find the path specified. (0x3)
[1112/182518.699:ERROR:directory_reader_win.cc(43)] FindFirstFile: The system cannot find the path specified. (0x3)
[1112/182612.093:ERROR:directory_reader_win.cc(43)] FindFirstFile: The system cannot find the path specified. (0x3)
[1112/235628.845:ERROR:directory_reader_win.cc(43)] FindFirstFile: The system cannot find the path specified. (0x3)
[1113/024630.826:ERROR:process_reader_win.cc(123)] NtOpenThread: {Access Denied} A process has requested access to an object, but has not been granted those access rights. (0xc0000022)
[1113/024630.828:ERROR:exception_snapshot_win.cc(99)] thread ID 20240 not found in process
[1113/024630.849:ERROR:process_reader_win.cc(123)] NtOpenThread: {Access Denied} A process has requested access to an object, but has not been granted those access rights. (0xc0000022)
[1113/024630.849:ERROR:exception_snapshot_win.cc(99)] thread ID 13228 not found in process
[1113/070347.659:ERROR:directory_reader_win.cc(43)] FindFirstFile: The system cannot find the path specified. (0x3)
[1113/070606.580:ERROR:directory_reader_win.cc(43)] FindFirstFile: The system cannot find the path specified. (0x3)
[1113/123808.858:ERROR:directory_reader_win.cc(43)] FindFirstFile: The system cannot find the path specified. (0x3)
[1113/141604.458:ERROR:process_reader_win.cc(123)] NtOpenThread: {Access Denied} A process has requested access to an object, but has not been granted those access rights. (0xc0000022)
[1113/141604.461:ERROR:exception_snapshot_win.cc(99)] thread ID 28028 not found in process
[1113/141604.490:ERROR:process_reader_win.cc(123)] NtOpenThread: {Access Denied} A process has requested access to an object, but has not been granted those access rights. (0xc0000022)
[1113/141604.491:ERROR:exception_snapshot_win.cc(99)] thread ID 34248 not found in process
[1113/142957.838:ERROR:directory_reader_win.cc(43)] FindFirstFile: The system cannot find the path specified. (0x3)
[1116/132003.465:ERROR:directory_reader_win.cc(43)] FindFirstFile: The system cannot find the path specified. (0x3)
[1116/132317.335:ERROR:directory_reader_win.cc(43)] FindFirstFile: The system cannot find the path specified. (0x3)
[1116/152651.597:ERROR:process_reader_win.cc(123)] NtOpenThread: {Access Denied} A process has requested access to an object, but has not been granted those access rights. (0xc0000022)
[1116/152651.597:ERROR:exception_snapshot_win.cc(99)] thread ID 30580 not found in process
[1116/152651.625:ERROR:process_reader_win.cc(123)] NtOpenThread: {Access Denied} A process has requested access to an object, but has not been granted those access rights. (0xc0000022)
[1116/152651.625:ERROR:exception_snapshot_win.cc(99)] thread ID 34496 not found in process
[1116/153721.919:ERROR:directory_reader_win.cc(43)] FindFirstFile: The system cannot find the path specified. (0x3)
[1116/161801.911:ERROR:directory_reader_win.cc(43)] FindFirstFile: The system cannot find the path specified. (0x3)
[1116/162025.987:ERROR:directory_reader_win.cc(43)] FindFirstFile: The system cannot find the path specified. (0x3)
[1116/225257.417:ERROR:directory_reader_win.cc(43)] FindFirstFile: The system cannot find the path specified. (0x3)
[1116/230631.760:ERROR:directory_reader_win.cc(43)] FindFirstFile: The system cannot find the path specified. (0x3)
[1116/234838.211:ERROR:directory_reader_win.cc(43)] FindFirstFile: The system cannot find the path specified. (0x3)
[1117/000052.303:ERROR:directory_reader_win.cc(43)] FindFirstFile: The system cannot find the path specified. (0x3)
[1117/000306.717:ERROR:directory_reader_win.cc(43)] FindFirstFile: The system cannot find the path specified. (0x3)
[1117/002647.117:ERROR:directory_reader_win.cc(43)] FindFirstFile: The system cannot find the path specified. (0x3)
[1117/003433.385:ERROR:directory_reader_win.cc(43)] FindFirstFile: The system cannot find the path specified. (0x3)
[1117/094124.223:ERROR:directory_reader_win.cc(43)] FindFirstFile: The system cannot find the path specified. (0x3)
[1117/110441.175:ERROR:process_reader_win.cc(123)] NtOpenThread: {Access Denied} A process has requested access to an object, but has not been granted those access rights. (0xc0000022)
[1117/110441.175:ERROR:exception_snapshot_win.cc(99)] thread ID 15712 not found in process
[1117/120815.028:ERROR:directory_reader_win.cc(43)] FindFirstFile: The system cannot find the path specified. (0x3)
[1117/120901.209:ERROR:directory_reader_win.cc(43)] FindFirstFile: The system cannot find the path specified. (0x3)
[1117/213706.685:ERROR:directory_reader_win.cc(43)] FindFirstFile: The system cannot find the path specified. (0x3)
[1117/220541.832:ERROR:directory_reader_win.cc(43)] FindFirstFile: The system cannot find the path specified. (0x3)
[1117/225558.426:ERROR:directory_reader_win.cc(43)] FindFirstFile: The system cannot find the path specified. (0x3)
[1117/225742.346:ERROR:directory_reader_win.cc(43)] FindFirstFile: The system cannot find the path specified. (0x3)
[1117/230809.266:ERROR:directory_reader_win.cc(43)] FindFirstFile: The system cannot find the path specified. (0x3)
[1117/232001.172:ERROR:directory_reader_win.cc(43)] FindFirstFile: The system cannot find the path specified. (0x3)
[1117/232256.186:ERROR:directory_reader_win.cc(43)] FindFirstFile: The system cannot find the path specified. (0x3)
[1117/232929.381:ERROR:directory_reader_win.cc(43)] FindFirstFile: The system cannot find the path specified. (0x3)
[1117/233546.364:ERROR:process_reader_win.cc(151)] SuspendThread: Access is denied. (0x5)
[1117/233546.364:ERROR:process_reader_win.cc(123)] NtOpenThread: {Access Denied} A process has requested access to an object, but has not been granted those access rights. (0xc0000022)
[1117/233546.366:ERROR:exception_snapshot_win.cc(99)] thread ID 24784 not found in process
[1117/233546.367:ERROR:process_reader_win.cc(151)] SuspendThread: Access is denied. (0x5)
[1117/233546.366:ERROR:process_reader_win.cc(151)] SuspendThread: Access is denied. (0x5)
[1117/233546.367:ERROR:process_reader_win.cc(151)] SuspendThread: Access is denied. (0x5)
[1117/233546.368:ERROR:process_reader_win.cc(151)] SuspendThread: Access is denied. (0x5)
[1117/233546.367:ERROR:process_reader_win.cc(123)] NtOpenThread: {Access Denied} A process has requested access to an object, but has not been granted those access rights. (0xc0000022)
[1117/233546.368:ERROR:exception_snapshot_win.cc(99)] thread ID 19648 not found in process
[1117/233546.368:ERROR:process_reader_win.cc(151)] SuspendThread: Access is denied. (0x5)
[1117/233546.368:ERROR:process_reader_win.cc(123)] NtOpenThread: {Access Denied} A process has requested access to an object, but has not been granted those access rights. (0xc0000022)
[1117/233546.369:ERROR:exception_snapshot_win.cc(99)] thread ID 22008 not found in process
[1117/233546.375:ERROR:process_reader_win.cc(151)] SuspendThread: Access is denied. (0x5)
[1117/233546.367:ERROR:process_reader_win.cc(123)] NtOpenThread: {Access Denied} A process has requested access to an object, but has not been granted those access rights. (0xc0000022)
[1117/233546.375:ERROR:exception_snapshot_win.cc(99)] thread ID 15920 not found in process
[1117/233546.376:ERROR:process_reader_win.cc(151)] SuspendThread: Access is denied. (0x5)
[1117/233546.377:ERROR:process_reader_win.cc(151)] SuspendThread: Access is denied. (0x5)
[1117/233546.377:ERROR:process_reader_win.cc(123)] NtOpenThread: {Access Denied} A process has requested access to an object, but has not been granted those access rights. (0xc0000022)
[1117/233546.379:ERROR:exception_snapshot_win.cc(99)] thread ID 25544 not found in process
[1117/233546.381:ERROR:process_reader_win.cc(123)] NtOpenThread: {Access Denied} A process has requested access to an object, but has not been granted those access rights. (0xc0000022)
[1117/233546.382:ERROR:exception_snapshot_win.cc(99)] thread ID 28520 not found in process
[1117/233546.388:ERROR:process_reader_win.cc(123)] NtOpenThread: {Access Denied} A process has requested access to an object, but has not been granted those access rights. (0xc0000022)
[1117/233546.389:ERROR:exception_snapshot_win.cc(99)] thread ID 14072 not found in process
[1117/233546.393:ERROR:process_reader_win.cc(123)] NtOpenThread: {Access Denied} A process has requested access to an object, but has not been granted those access rights. (0xc0000022)
[1117/233546.394:ERROR:exception_snapshot_win.cc(99)] thread ID 21272 not found in process
[1117/233546.449:ERROR:process_reader_win.cc(123)] NtOpenThread: {Access Denied} A process has requested access to an object, but has not been granted those access rights. (0xc0000022)
[1117/233546.449:ERROR:exception_snapshot_win.cc(99)] thread ID 27876 not found in process
[1117/233546.451:ERROR:process_reader_win.cc(151)] SuspendThread: Access is denied. (0x5)
[1117/233546.451:ERROR:process_reader_win.cc(151)] SuspendThread: Access is denied. (0x5)
[1117/233546.452:ERROR:process_reader_win.cc(151)] SuspendThread: Access is denied. (0x5)
[1117/233546.452:ERROR:process_reader_win.cc(123)] NtOpenThread: {Access Denied} A process has requested access to an object, but has not been granted those access rights. (0xc0000022)
[1117/233546.452:ERROR:exception_snapshot_win.cc(99)] thread ID 27048 not found in process
[1117/233546.454:ERROR:process_reader_win.cc(151)] SuspendThread: Access is denied. (0x5)
[1117/233546.454:ERROR:process_reader_win.cc(123)] NtOpenThread: {Access Denied} A process has requested access to an object, but has not been granted those access rights. (0xc0000022)
[1117/233546.454:ERROR:exception_snapshot_win.cc(99)] thread ID 27984 not found in process
[1117/233546.494:ERROR:process_reader_win.cc(151)] SuspendThread: Access is denied. (0x5)
[1117/233546.495:ERROR:process_reader_win.cc(123)] NtOpenThread: {Access Denied} A process has requested access to an object, but has not been granted those access rights. (0xc0000022)
[1117/233546.495:ERROR:exception_snapshot_win.cc(99)] thread ID 24092 not found in process
[1117/233546.509:ERROR:process_reader_win.cc(151)] SuspendThread: Access is denied. (0x5)
[1117/233546.509:ERROR:process_reader_win.cc(123)] NtOpenThread: {Access Denied} A process has requested access to an object, but has not been granted those access rights. (0xc0000022)
[1117/233546.509:ERROR:exception_snapshot_win.cc(99)] thread ID 21164 not found in process
[1117/233546.509:ERROR:process_reader_win.cc(151)] SuspendThread: Access is denied. (0x5)
[1117/233546.509:ERROR:process_reader_win.cc(123)] NtOpenThread: {Access Denied} A process has requested access to an object, but has not been granted those access rights. (0xc0000022)
[1117/233546.509:ERROR:exception_snapshot_win.cc(99)] thread ID 27724 not found in process
[1117/233546.545:ERROR:process_reader_win.cc(123)] NtOpenThread: {Access Denied} A process has requested access to an object, but has not been granted those access rights. (0xc0000022)
[1117/233546.545:ERROR:exception_snapshot_win.cc(99)] thread ID 26728 not found in process
[1117/233546.554:ERROR:process_reader_win.cc(123)] NtOpenThread: {Access Denied} A process has requested access to an object, but has not been granted those access rights. (0xc0000022)
[1117/233546.554:ERROR:exception_snapshot_win.cc(99)] thread ID 23848 not found in process
[1117/234558.229:ERROR:directory_reader_win.cc(43)] FindFirstFile: The system cannot find the path specified. (0x3)
[1118/003822.336:ERROR:directory_reader_win.cc(43)] FindFirstFile: The system cannot find the path specified. (0x3)
[1119/133937.184:ERROR:process_reader_win.cc(123)] NtOpenThread: {Access Denied} A process has requested access to an object, but has not been granted those access rights. (0xc0000022)
[1119/133937.188:ERROR:exception_snapshot_win.cc(99)] thread ID 24320 not found in process
[1119/133937.211:ERROR:process_reader_win.cc(123)] NtOpenThread: {Access Denied} A process has requested access to an object, but has not been granted those access rights. (0xc0000022)
[1119/133937.211:ERROR:exception_snapshot_win.cc(99)] thread ID 25148 not found in process
[1119/134947.150:ERROR:directory_reader_win.cc(43)] FindFirstFile: The system cannot find the path specified. (0x3)
[1119/140452.545:ERROR:directory_reader_win.cc(43)] FindFirstFile: The system cannot find the path specified. (0x3)
[1119/141738.634:ERROR:directory_reader_win.cc(43)] FindFirstFile: The system cannot find the path specified. (0x3)
[1119/141913.487:ERROR:directory_reader_win.cc(43)] FindFirstFile: The system cannot find the path specified. (0x3)
[1119/142148.692:ERROR:directory_reader_win.cc(43)] FindFirstFile: The system cannot find the path specified. (0x3)
[1119/143741.878:ERROR:directory_reader_win.cc(43)] FindFirstFile: The system cannot find the path specified. (0x3)
[1119/144220.482:ERROR:directory_reader_win.cc(43)] FindFirstFile: The system cannot find the path specified. (0x3)
[1119/144359.386:ERROR:directory_reader_win.cc(43)] FindFirstFile: The system cannot find the path specified. (0x3)
[1120/005908.584:ERROR:directory_reader_win.cc(43)] FindFirstFile: The system cannot find the path specified. (0x3)
[1120/020128.877:ERROR:directory_reader_win.cc(43)] FindFirstFile: The system cannot find the path specified. (0x3)
[1120/020306.975:ERROR:directory_reader_win.cc(43)] FindFirstFile: The system cannot find the path specified. (0x3)
[1120/020508.149:ERROR:directory_reader_win.cc(43)] FindFirstFile: The system cannot find the path specified. (0x3)
[1120/022137.710:ERROR:directory_reader_win.cc(43)] FindFirstFile: The system cannot find the path specified. (0x3)
[1120/022926.337:ERROR:directory_reader_win.cc(43)] FindFirstFile: The system cannot find the path specified. (0x3)
[1120/024114.739:ERROR:directory_reader_win.cc(43)] FindFirstFile: The system cannot find the path specified. (0x3)
[1120/025246.172:ERROR:process_reader_win.cc(123)] NtOpenThread: {Access Denied} A process has requested access to an object, but has not been granted those access rights. (0xc0000022)
[1120/025246.188:ERROR:exception_snapshot_win.cc(99)] thread ID 4616 not found in process
[1120/025246.172:ERROR:process_reader_win.cc(123)] NtOpenThread: {Access Denied} A process has requested access to an object, but has not been granted those access rights. (0xc0000022)
[1120/025246.192:ERROR:exception_snapshot_win.cc(99)] thread ID 21688 not found in process
[1120/025246.174:ERROR:process_reader_win.cc(123)] NtOpenThread: {Access Denied} A process has requested access to an object, but has not been granted those access rights. (0xc0000022)
[1120/025246.194:ERROR:exception_snapshot_win.cc(99)] thread ID 24240 not found in process
[1120/025246.268:ERROR:process_reader_win.cc(123)] NtOpenThread: {Access Denied} A process has requested access to an object, but has not been granted those access rights. (0xc0000022)
[1120/025246.269:ERROR:exception_snapshot_win.cc(99)] thread ID 22840 not found in process
[1120/025246.272:ERROR:process_reader_win.cc(123)] NtOpenThread: {Access Denied} A process has requested access to an object, but has not been granted those access rights. (0xc0000022)
[1120/025246.273:ERROR:exception_snapshot_win.cc(99)] thread ID 15636 not found in process
[1120/025246.274:ERROR:process_reader_win.cc(123)] NtOpenThread: {Access Denied} A process has requested access to an object, but has not been granted those access rights. (0xc0000022)
[1120/025246.274:ERROR:exception_snapshot_win.cc(99)] thread ID 16724 not found in process
[1120/030258.140:ERROR:directory_reader_win.cc(43)] FindFirstFile: The system cannot find the path specified. (0x3)
[1120/040233.543:ERROR:directory_reader_win.cc(43)] FindFirstFile: The system cannot find the path specified. (0x3)
[1120/041335.422:ERROR:directory_reader_win.cc(43)] FindFirstFile: The system cannot find the path specified. (0x3)
[1120/043018.543:ERROR:directory_reader_win.cc(43)] FindFirstFile: The system cannot find the path specified. (0x3)
[1120/045345.881:ERROR:directory_reader_win.cc(43)] FindFirstFile: The system cannot find the path specified. (0x3)
[1120/045524.652:ERROR:directory_reader_win.cc(43)] FindFirstFile: The system cannot find the path specified. (0x3)
[1120/045921.160:ERROR:directory_reader_win.cc(43)] FindFirstFile: The system cannot find the path specified. (0x3)
[1122/221803.871:ERROR:directory_reader_win.cc(43)] FindFirstFile: The system cannot find the path specified. (0x3)
[1122/222019.760:ERROR:directory_reader_win.cc(43)] FindFirstFile: The system cannot find the path specified. (0x3)
[1122/230147.669:ERROR:process_reader_win.cc(123)] NtOpenThread: {Access Denied} A process has requested access to an object, but has not been granted those access rights. (0xc0000022)
[1122/230147.677:ERROR:exception_snapshot_win.cc(99)] thread ID 29252 not found in process
[1122/230147.678:ERROR:process_reader_win.cc(123)] NtOpenThread: {Access Denied} A process has requested access to an object, but has not been granted those access rights. (0xc0000022)
[1122/230147.678:ERROR:exception_snapshot_win.cc(99)] thread ID 21244 not found in process
[1122/230147.701:ERROR:process_reader_win.cc(123)] NtOpenThread: {Access Denied} A process has requested access to an object, but has not been granted those access rights. (0xc0000022)
[1122/230147.701:ERROR:exception_snapshot_win.cc(99)] thread ID 29580 not found in process
[1122/231157.838:ERROR:directory_reader_win.cc(43)] FindFirstFile: The system cannot find the path specified. (0x3)
[1123/003411.576:ERROR:directory_reader_win.cc(43)] FindFirstFile: The system cannot find the path specified. (0x3)
[1123/005800.499:ERROR:directory_reader_win.cc(43)] FindFirstFile: The system cannot find the path specified. (0x3)
[1123/010428.943:ERROR:process_reader_win.cc(123)] NtOpenThread: {Access Denied} A process has requested access to an object, but has not been granted those access rights. (0xc0000022)
[1123/010428.945:ERROR:exception_snapshot_win.cc(99)] thread ID 21164 not found in process
[1123/010428.964:ERROR:process_reader_win.cc(123)] NtOpenThread: {Access Denied} A process has requested access to an object, but has not been granted those access rights. (0xc0000022)
[1123/010428.964:ERROR:exception_snapshot_win.cc(99)] thread ID 14916 not found in process
[1123/021121.617:ERROR:process_reader_win.cc(123)] NtOpenThread: {Access Denied} A process has requested access to an object, but has not been granted those access rights. (0xc0000022)
[1123/021121.619:ERROR:exception_snapshot_win.cc(99)] thread ID 31880 not found in process
[1123/021121.626:ERROR:process_reader_win.cc(123)] NtOpenThread: {Access Denied} A process has requested access to an object, but has not been granted those access rights. (0xc0000022)
[1123/021121.627:ERROR:exception_snapshot_win.cc(99)] thread ID 9488 not found in process
[1123/021121.662:ERROR:process_reader_win.cc(123)] NtOpenThread: {Access Denied} A process has requested access to an object, but has not been granted those access rights. (0xc0000022)
[1123/021121.662:ERROR:exception_snapshot_win.cc(99)] thread ID 12760 not found in process
[1123/021121.673:ERROR:process_reader_win.cc(123)] NtOpenThread: {Access Denied} A process has requested access to an object, but has not been granted those access rights. (0xc0000022)
[1123/021121.673:ERROR:exception_snapshot_win.cc(99)] thread ID 26576 not found in process
[1123/022336.588:ERROR:directory_reader_win.cc(43)] FindFirstFile: The system cannot find the path specified. (0x3)
[1123/022601.428:ERROR:directory_reader_win.cc(43)] FindFirstFile: The system cannot find the path specified. (0x3)
[1123/023123.760:ERROR:process_reader_win.cc(123)] NtOpenThread: {Access Denied} A process has requested access to an object, but has not been granted those access rights. (0xc0000022)
[1123/023123.761:ERROR:exception_snapshot_win.cc(99)] thread ID 8428 not found in process
[1123/023123.771:ERROR:process_reader_win.cc(123)] NtOpenThread: {Access Denied} A process has requested access to an object, but has not been granted those access rights. (0xc0000022)
[1123/023123.771:ERROR:exception_snapshot_win.cc(99)] thread ID 12324 not found in process
[1123/024440.511:ERROR:directory_reader_win.cc(43)] FindFirstFile: The system cannot find the path specified. (0x3)
[1123/100224.638:ERROR:directory_reader_win.cc(43)] FindFirstFile: The system cannot find the path specified. (0x3)
[1123/220735.262:ERROR:directory_reader_win.cc(43)] FindFirstFile: The system cannot find the path specified. (0x3)
[1123/222356.730:ERROR:directory_reader_win.cc(43)] FindFirstFile: The system cannot find the path specified. (0x3)
[1123/223620.184:ERROR:directory_reader_win.cc(43)] FindFirstFile: The system cannot find the path specified. (0x3)
[1123/224306.763:ERROR:directory_reader_win.cc(43)] FindFirstFile: The system cannot find the path specified. (0x3)
[1123/230003.354:ERROR:directory_reader_win.cc(43)] FindFirstFile: The system cannot find the path specified. (0x3)
[1123/230740.294:ERROR:directory_reader_win.cc(43)] FindFirstFile: The system cannot find the path specified. (0x3)
[1123/231131.227:ERROR:process_reader_win.cc(123)] NtOpenThread: {Access Denied} A process has requested access to an object, but has not been granted those access rights. (0xc0000022)
[1123/231131.229:ERROR:exception_snapshot_win.cc(99)] thread ID 20020 not found in process
[1123/231131.231:ERROR:process_reader_win.cc(123)] NtOpenThread: {Access Denied} A process has requested access to an object, but has not been granted those access rights. (0xc0000022)
[1123/231131.237:ERROR:exception_snapshot_win.cc(99)] thread ID 10196 not found in process
[1123/231131.236:ERROR:process_reader_win.cc(123)] NtOpenThread: {Access Denied} A process has requested access to an object, but has not been granted those access rights. (0xc0000022)
[1123/231131.237:ERROR:exception_snapshot_win.cc(99)] thread ID 12216 not found in process
[1123/231131.272:ERROR:process_reader_win.cc(123)] NtOpenThread: {Access Denied} A process has requested access to an object, but has not been granted those access rights. (0xc0000022)
[1123/231131.272:ERROR:exception_snapshot_win.cc(99)] thread ID 16700 not found in process
[1123/231131.289:ERROR:process_reader_win.cc(123)] NtOpenThread: {Access Denied} A process has requested access to an object, but has not been granted those access rights. (0xc0000022)
[1123/231131.289:ERROR:exception_snapshot_win.cc(99)] thread ID 12360 not found in process
[1123/231131.292:ERROR:process_reader_win.cc(123)] NtOpenThread: {Access Denied} A process has requested access to an object, but has not been granted those access rights. (0xc0000022)
[1123/231131.292:ERROR:exception_snapshot_win.cc(99)] thread ID 15388 not found in process
[1123/235803.166:ERROR:process_reader_win.cc(123)] NtOpenThread: {Access Denied} A process has requested access to an object, but has not been granted those access rights. (0xc0000022)
[1123/235803.172:ERROR:exception_snapshot_win.cc(99)] thread ID 19284 not found in process
[1123/235803.172:ERROR:process_reader_win.cc(123)] NtOpenThread: {Access Denied} A process has requested access to an object, but has not been granted those access rights. (0xc0000022)
[1123/235803.172:ERROR:exception_snapshot_win.cc(99)] thread ID 32256 not found in process
[1123/235803.178:ERROR:process_reader_win.cc(123)] NtOpenThread: {Access Denied} A process has requested access to an object, but has not been granted those access rights. (0xc0000022)
[1123/235803.179:ERROR:exception_snapshot_win.cc(99)] thread ID 20296 not found in process
[1123/235803.225:ERROR:process_reader_win.cc(123)] NtOpenThread: {Access Denied} A process has requested access to an object, but has not been granted those access rights. (0xc0000022)
[1123/235803.226:ERROR:exception_snapshot_win.cc(99)] thread ID 2116 not found in process
[1123/235803.233:ERROR:process_reader_win.cc(123)] NtOpenThread: {Access Denied} A process has requested access to an object, but has not been granted those access rights. (0xc0000022)
[1123/235803.233:ERROR:exception_snapshot_win.cc(99)] thread ID 22512 not found in process
[1124/000811.805:ERROR:directory_reader_win.cc(43)] FindFirstFile: The system cannot find the path specified. (0x3)
[1124/091129.664:ERROR:directory_reader_win.cc(43)] FindFirstFile: The system cannot find the path specified. (0x3)
[1124/094247.615:ERROR:directory_reader_win.cc(43)] FindFirstFile: The system cannot find the path specified. (0x3)
[1124/111829.771:ERROR:directory_reader_win.cc(43)] FindFirstFile: The system cannot find the path specified. (0x3)
[1124/113703.237:ERROR:directory_reader_win.cc(43)] FindFirstFile: The system cannot find the path specified. (0x3)
[1124/122350.103:ERROR:directory_reader_win.cc(43)] FindFirstFile: The system cannot find the path specified. (0x3)
[1124/130713.049:ERROR:directory_reader_win.cc(43)] FindFirstFile: The system cannot find the path specified. (0x3)
[1124/133616.803:ERROR:directory_reader_win.cc(43)] FindFirstFile: The system cannot find the path specified. (0x3)
[1124/140834.539:ERROR:directory_reader_win.cc(43)] FindFirstFile: The system cannot find the path specified. (0x3)
[1124/141133.748:ERROR:directory_reader_win.cc(43)] FindFirstFile: The system cannot find the path specified. (0x3)
[1124/144753.845:ERROR:directory_reader_win.cc(43)] FindFirstFile: The system cannot find the path specified. (0x3)
[1124/231118.745:ERROR:directory_reader_win.cc(43)] FindFirstFile: The system cannot find the path specified. (0x3)
[1124/231333.317:ERROR:directory_reader_win.cc(43)] FindFirstFile: The system cannot find the path specified. (0x3)
[1124/232353.075:ERROR:directory_reader_win.cc(43)] FindFirstFile: The system cannot find the path specified. (0x3)
[1124/234652.259:ERROR:directory_reader_win.cc(43)] FindFirstFile: The system cannot find the path specified. (0x3)
[1124/235708.248:ERROR:directory_reader_win.cc(43)] FindFirstFile: The system cannot find the path specified. (0x3)
[1124/235919.379:ERROR:directory_reader_win.cc(43)] FindFirstFile: The system cannot find the path specified. (0x3)
[1125/121524.934:ERROR:directory_reader_win.cc(43)] FindFirstFile: The system cannot find the path specified. (0x3)
[1125/145654.995:ERROR:directory_reader_win.cc(43)] FindFirstFile: The system cannot find the path specified. (0x3)
[1125/151455.865:ERROR:directory_reader_win.cc(43)] FindFirstFile: The system cannot find the path specified. (0x3)
[1125/185904.362:ERROR:directory_reader_win.cc(43)] FindFirstFile: The system cannot find the path specified. (0x3)
[1125/190138.725:ERROR:directory_reader_win.cc(43)] FindFirstFile: The system cannot find the path specified. (0x3)
[1125/191734.634:ERROR:directory_reader_win.cc(43)] FindFirstFile: The system cannot find the path specified. (0x3)
[1125/191751.537:ERROR:process_reader_win.cc(123)] NtOpenThread: {Access Denied} A process has requested access to an object, but has not been granted those access rights. (0xc0000022)
[1125/191751.538:ERROR:exception_snapshot_win.cc(99)] thread ID 20944 not found in process
[1125/191751.544:ERROR:process_reader_win.cc(123)] NtOpenThread: {Access Denied} A process has requested access to an object, but has not been granted those access rights. (0xc0000022)
[1125/191751.545:ERROR:exception_snapshot_win.cc(99)] thread ID 28584 not found in process
[1125/191751.567:ERROR:process_reader_win.cc(123)] NtOpenThread: {Access Denied} A process has requested access to an object, but has not been granted those access rights. (0xc0000022)
[1125/191751.567:ERROR:exception_snapshot_win.cc(99)] thread ID 24052 not found in process
[1125/191751.574:ERROR:process_reader_win.cc(123)] NtOpenThread: {Access Denied} A process has requested access to an object, but has not been granted those access rights. (0xc0000022)
[1125/191751.574:ERROR:exception_snapshot_win.cc(99)] thread ID 27212 not found in process
[1125/213404.032:ERROR:process_reader_win.cc(123)] NtOpenThread: {Access Denied} A process has requested access to an object, but has not been granted those access rights. (0xc0000022)
[1125/213404.034:ERROR:process_reader_win.cc(123)] NtOpenThread: {Access Denied} A process has requested access to an object, but has not been granted those access rights. (0xc0000022)
[1125/213404.036:ERROR:exception_snapshot_win.cc(99)] thread ID 7296 not found in process
[1125/213404.036:ERROR:exception_snapshot_win.cc(99)] thread ID 19696 not found in process
[1125/213404.060:ERROR:process_reader_win.cc(123)] NtOpenThread: {Access Denied} A process has requested access to an object, but has not been granted those access rights. (0xc0000022)
[1125/213404.060:ERROR:exception_snapshot_win.cc(99)] thread ID 29288 not found in process
[1127/002202.098:ERROR:directory_reader_win.cc(43)] FindFirstFile: The system cannot find the path specified. (0x3)
[1127/004811.826:ERROR:directory_reader_win.cc(43)] FindFirstFile: The system cannot find the path specified. (0x3)
[1127/005118.868:ERROR:directory_reader_win.cc(43)] FindFirstFile: The system cannot find the path specified. (0x3)
[1201/122413.602:ERROR:directory_reader_win.cc(43)] FindFirstFile: The system cannot find the path specified. (0x3)
[1201/133400.726:ERROR:directory_reader_win.cc(43)] FindFirstFile: The system cannot find the path specified. (0x3)
[1201/134731.986:ERROR:directory_reader_win.cc(43)] FindFirstFile: The system cannot find the path specified. (0x3)
[1201/150610.222:ERROR:process_reader_win.cc(123)] NtOpenThread: {Access Denied} A process has requested access to an object, but has not been granted those access rights. (0xc0000022)
[1201/150610.223:ERROR:exception_snapshot_win.cc(99)] thread ID 22036 not found in process
[1201/150610.235:ERROR:process_reader_win.cc(123)] NtOpenThread: {Access Denied} A process has requested access to an object, but has not been granted those access rights. (0xc0000022)
[1201/150610.236:ERROR:exception_snapshot_win.cc(99)] thread ID 36860 not found in process
[1201/150610.267:ERROR:process_reader_win.cc(123)] NtOpenThread: {Access Denied} A process has requested access to an object, but has not been granted those access rights. (0xc0000022)
[1201/150610.267:ERROR:process_reader_win.cc(123)] NtOpenThread: {Access Denied} A process has requested access to an object, but has not been granted those access rights. (0xc0000022)
[1201/150610.267:ERROR:exception_snapshot_win.cc(99)] thread ID 11764 not found in process
[1201/150610.267:ERROR:exception_snapshot_win.cc(99)] thread ID 29868 not found in process
[1201/151621.412:ERROR:directory_reader_win.cc(43)] FindFirstFile: The system cannot find the path specified. (0x3)
[1201/225034.956:ERROR:directory_reader_win.cc(43)] FindFirstFile: The system cannot find the path specified. (0x3)
[1201/230605.219:ERROR:directory_reader_win.cc(43)] FindFirstFile: The system cannot find the path specified. (0x3)
[1201/230903.220:ERROR:directory_reader_win.cc(43)] FindFirstFile: The system cannot find the path specified. (0x3)
[1201/231033.229:ERROR:directory_reader_win.cc(43)] FindFirstFile: The system cannot find the path specified. (0x3)
[1201/231135.331:ERROR:directory_reader_win.cc(43)] FindFirstFile: The system cannot find the path specified. (0x3)
[1201/231325.158:ERROR:directory_reader_win.cc(43)] FindFirstFile: The system cannot find the path specified. (0x3)
[1201/235216.897:ERROR:directory_reader_win.cc(43)] FindFirstFile: The system cannot find the path specified. (0x3)
[1201/235348.657:ERROR:directory_reader_win.cc(43)] FindFirstFile: The system cannot find the path specified. (0x3)
[1201/235521.289:ERROR:directory_reader_win.cc(43)] FindFirstFile: The system cannot find the path specified. (0x3)
[1202/001912.251:ERROR:directory_reader_win.cc(43)] FindFirstFile: The system cannot find the path specified. (0x3)
[1202/002146.965:ERROR:directory_reader_win.cc(43)] FindFirstFile: The system cannot find the path specified. (0x3)
[1202/002618.730:ERROR:directory_reader_win.cc(43)] FindFirstFile: The system cannot find the path specified. (0x3)
[1202/113209.126:ERROR:directory_reader_win.cc(43)] FindFirstFile: The system cannot find the path specified. (0x3)
[1202/120657.983:ERROR:directory_reader_win.cc(43)] FindFirstFile: The system cannot find the path specified. (0x3)
[1202/120752.339:ERROR:directory_reader_win.cc(43)] FindFirstFile: The system cannot find the path specified. (0x3)
[1202/121610.364:ERROR:directory_reader_win.cc(43)] FindFirstFile: The system cannot find the path specified. (0x3)
